usage: co-training.py [-h] [--model MODEL] --train_folds TRAIN_FOLDS
                      [TRAIN_FOLDS ...] --val_folds VAL_FOLDS [VAL_FOLDS ...]
                      [--nb_view NB_VIEW] [--ratio RATIO]
                      [--batchsize BATCHSIZE]
                      [--lambda_cot_max LAMBDA_COT_MAX]
                      [--lambda_diff_max LAMBDA_DIFF_MAX] [--seed SEED]
                      [--epochs EPOCHS] [--warm_up WARM_UP]
                      [--momentum MOMENTUM] [--decay DECAY]
                      [--epsilon EPSILON] [--num_class NUM_CLASS]
                      [--cifar10_dir CIFAR10_DIR] [--svhn_dir SVHN_DIR]
                      [--tensorboard_dir TENSORBOARD_DIR]
                      [--checkpoint_dir CHECKPOINT_DIR] [--base_lr BASE_LR]
                      [--resume] [--dataset DATASET] [--job_name JOB_NAME]
co-training.py: error: the following arguments are required: --train_folds, --val_folds
usage: co-training.py [-h] [--model MODEL] --train_folds TRAIN_FOLDS
                      [TRAIN_FOLDS ...] --val_folds VAL_FOLDS [VAL_FOLDS ...]
                      [--nb_view NB_VIEW] [--ratio RATIO]
                      [--batchsize BATCHSIZE]
                      [--lambda_cot_max LAMBDA_COT_MAX]
                      [--lambda_diff_max LAMBDA_DIFF_MAX] [--seed SEED]
                      [--epochs EPOCHS] [--warm_up WARM_UP]
                      [--momentum MOMENTUM] [--decay DECAY]
                      [--epsilon EPSILON] [--num_class NUM_CLASS]
                      [--cifar10_dir CIFAR10_DIR] [--svhn_dir SVHN_DIR]
                      [--tensorboard_dir TENSORBOARD_DIR]
                      [--checkpoint_dir CHECKPOINT_DIR] [--base_lr BASE_LR]
                      [--resume] [--dataset DATASET] [--job_name JOB_NAME]
co-training.py: error: the following arguments are required: --train_folds, --val_folds
srun: error: gpu-nc05: task 0: Exited with exit code 2
srun: error: gpu-nc02: task 0: Exited with exit code 2
usage: co-training.py [-h] [--model MODEL] --train_folds TRAIN_FOLDS
                      [TRAIN_FOLDS ...] --val_folds VAL_FOLDS [VAL_FOLDS ...]
                      [--nb_view NB_VIEW] [--ratio RATIO]
                      [--batchsize BATCHSIZE]
                      [--lambda_cot_max LAMBDA_COT_MAX]
                      [--lambda_diff_max LAMBDA_DIFF_MAX] [--seed SEED]
                      [--epochs EPOCHS] [--warm_up WARM_UP]
                      [--momentum MOMENTUM] [--decay DECAY]
                      [--epsilon EPSILON] [--num_class NUM_CLASS]
                      [--cifar10_dir CIFAR10_DIR] [--svhn_dir SVHN_DIR]
                      [--tensorboard_dir TENSORBOARD_DIR]
                      [--checkpoint_dir CHECKPOINT_DIR] [--base_lr BASE_LR]
                      [--resume] [--dataset DATASET] [--job_name JOB_NAME]
co-training.py: error: the following arguments are required: --train_folds, --val_folds
usage: co-training.py [-h] [--model MODEL] --train_folds TRAIN_FOLDS
                      [TRAIN_FOLDS ...] --val_folds VAL_FOLDS [VAL_FOLDS ...]
                      [--nb_view NB_VIEW] [--ratio RATIO]
                      [--batchsize BATCHSIZE]
                      [--lambda_cot_max LAMBDA_COT_MAX]
                      [--lambda_diff_max LAMBDA_DIFF_MAX] [--seed SEED]
                      [--epochs EPOCHS] [--warm_up WARM_UP]
                      [--momentum MOMENTUM] [--decay DECAY]
                      [--epsilon EPSILON] [--num_class NUM_CLASS]
                      [--cifar10_dir CIFAR10_DIR] [--svhn_dir SVHN_DIR]
                      [--tensorboard_dir TENSORBOARD_DIR]
                      [--checkpoint_dir CHECKPOINT_DIR] [--base_lr BASE_LR]
                      [--resume] [--dataset DATASET] [--job_name JOB_NAME]
co-training.py: error: the following arguments are required: --train_folds, --val_folds
srun: error: gpu-nc04: task 0: Exited with exit code 2
srun: error: gpu-nc06: task 0: Exited with exit code 2
usage: co-training.py [-h] [--model MODEL] --train_folds TRAIN_FOLDS
                      [TRAIN_FOLDS ...] --val_folds VAL_FOLDS [VAL_FOLDS ...]
                      [--nb_view NB_VIEW] [--ratio RATIO]
                      [--batchsize BATCHSIZE]
                      [--lambda_cot_max LAMBDA_COT_MAX]
                      [--lambda_diff_max LAMBDA_DIFF_MAX] [--seed SEED]
                      [--epochs EPOCHS] [--warm_up WARM_UP]
                      [--momentum MOMENTUM] [--decay DECAY]
                      [--epsilon EPSILON] [--num_class NUM_CLASS]
                      [--cifar10_dir CIFAR10_DIR] [--svhn_dir SVHN_DIR]
                      [--tensorboard_dir TENSORBOARD_DIR]
                      [--checkpoint_dir CHECKPOINT_DIR] [--base_lr BASE_LR]
                      [--resume] [--dataset DATASET] [--job_name JOB_NAME]
co-training.py: error: the following arguments are required: --train_folds, --val_folds
usage: co-training.py [-h] [--model MODEL] --train_folds TRAIN_FOLDS
                      [TRAIN_FOLDS ...] --val_folds VAL_FOLDS [VAL_FOLDS ...]
                      [--nb_view NB_VIEW] [--ratio RATIO]
                      [--batchsize BATCHSIZE]
                      [--lambda_cot_max LAMBDA_COT_MAX]
                      [--lambda_diff_max LAMBDA_DIFF_MAX] [--seed SEED]
                      [--epochs EPOCHS] [--warm_up WARM_UP]
                      [--momentum MOMENTUM] [--decay DECAY]
                      [--epsilon EPSILON] [--num_class NUM_CLASS]
                      [--cifar10_dir CIFAR10_DIR] [--svhn_dir SVHN_DIR]
                      [--tensorboard_dir TENSORBOARD_DIR]
                      [--checkpoint_dir CHECKPOINT_DIR] [--base_lr BASE_LR]
                      [--resume] [--dataset DATASET] [--job_name JOB_NAME]
co-training.py: error: the following arguments are required: --train_folds, --val_folds
usage: co-training.py [-h] [--model MODEL] --train_folds TRAIN_FOLDS
                      [TRAIN_FOLDS ...] --val_folds VAL_FOLDS [VAL_FOLDS ...]
                      [--nb_view NB_VIEW] [--ratio RATIO]
                      [--batchsize BATCHSIZE]
                      [--lambda_cot_max LAMBDA_COT_MAX]
                      [--lambda_diff_max LAMBDA_DIFF_MAX] [--seed SEED]
                      [--epochs EPOCHS] [--warm_up WARM_UP]
                      [--momentum MOMENTUM] [--decay DECAY]
                      [--epsilon EPSILON] [--num_class NUM_CLASS]
                      [--cifar10_dir CIFAR10_DIR] [--svhn_dir SVHN_DIR]
                      [--tensorboard_dir TENSORBOARD_DIR]
                      [--checkpoint_dir CHECKPOINT_DIR] [--base_lr BASE_LR]
                      [--resume] [--dataset DATASET] [--job_name JOB_NAME]
co-training.py: error: the following arguments are required: --train_folds, --val_folds
usage: co-training.py [-h] [--model MODEL] --train_folds TRAIN_FOLDS
                      [TRAIN_FOLDS ...] --val_folds VAL_FOLDS [VAL_FOLDS ...]
                      [--nb_view NB_VIEW] [--ratio RATIO]
                      [--batchsize BATCHSIZE]
                      [--lambda_cot_max LAMBDA_COT_MAX]
                      [--lambda_diff_max LAMBDA_DIFF_MAX] [--seed SEED]
                      [--epochs EPOCHS] [--warm_up WARM_UP]
                      [--momentum MOMENTUM] [--decay DECAY]
                      [--epsilon EPSILON] [--num_class NUM_CLASS]
                      [--cifar10_dir CIFAR10_DIR] [--svhn_dir SVHN_DIR]
                      [--tensorboard_dir TENSORBOARD_DIR]
                      [--checkpoint_dir CHECKPOINT_DIR] [--base_lr BASE_LR]
                      [--resume] [--dataset DATASET] [--job_name JOB_NAME]
co-training.py: error: the following arguments are required: --train_folds, --val_folds
srun: error: gpu-nc05: task 0: Exited with exit code 2
srun: error: gpu-nc04: task 0: Exited with exit code 2
srun: error: gpu-nc06: task 0: Exited with exit code 2
srun: error: gpu-nc02: task 0: Exited with exit code 2
usage: co-training.py [-h] [--model MODEL] --train_folds TRAIN_FOLDS
                      [TRAIN_FOLDS ...] --val_folds VAL_FOLDS [VAL_FOLDS ...]
                      [--nb_view NB_VIEW] [--ratio RATIO]
                      [--batchsize BATCHSIZE]
                      [--lambda_cot_max LAMBDA_COT_MAX]
                      [--lambda_diff_max LAMBDA_DIFF_MAX] [--seed SEED]
                      [--epochs EPOCHS] [--warm_up WARM_UP]
                      [--momentum MOMENTUM] [--decay DECAY]
                      [--epsilon EPSILON] [--num_class NUM_CLASS]
                      [--cifar10_dir CIFAR10_DIR] [--svhn_dir SVHN_DIR]
                      [--tensorboard_dir TENSORBOARD_DIR]
                      [--checkpoint_dir CHECKPOINT_DIR] [--base_lr BASE_LR]
                      [--resume] [--dataset DATASET] [--job_name JOB_NAME]
co-training.py: error: the following arguments are required: --train_folds, --val_folds
usage: co-training.py [-h] [--model MODEL] --train_folds TRAIN_FOLDS
                      [TRAIN_FOLDS ...] --val_folds VAL_FOLDS [VAL_FOLDS ...]
                      [--nb_view NB_VIEW] [--ratio RATIO]
                      [--batchsize BATCHSIZE]
                      [--lambda_cot_max LAMBDA_COT_MAX]
                      [--lambda_diff_max LAMBDA_DIFF_MAX] [--seed SEED]
                      [--epochs EPOCHS] [--warm_up WARM_UP]
                      [--momentum MOMENTUM] [--decay DECAY]
                      [--epsilon EPSILON] [--num_class NUM_CLASS]
                      [--cifar10_dir CIFAR10_DIR] [--svhn_dir SVHN_DIR]
                      [--tensorboard_dir TENSORBOARD_DIR]
                      [--checkpoint_dir CHECKPOINT_DIR] [--base_lr BASE_LR]
                      [--resume] [--dataset DATASET] [--job_name JOB_NAME]
co-training.py: error: the following arguments are required: --train_folds, --val_folds
srun: error: gpu-nc04: task 0: Exited with exit code 2
srun: error: gpu-nc02: task 0: Exited with exit code 2
