usage: co-training_scallable2.py [-h] [--model MODEL] -t TRAIN_FOLDS
                                 [TRAIN_FOLDS ...] -v VAL_FOLDS
usage: co-training_scallable2.py [-h] [--model MODEL] -t TRAIN_FOLDS
                                 [TRAIN_FOLDS ...] -v VAL_FOLDS
                                 [VAL_FOLDS ...] [--nb_view NB_VIEW]
                                 [--ratio RATIO] [--batchsize BATCHSIZE]
                                 [--lambda_cot_max LAMBDA_COT_MAX]
                                 [--lambda_diff_max LAMBDA_DIFF_MAX]
                                 [VAL_FOLDS ...] [--nb_view NB_VIEW]
                                 [--seed SEED] [--epochs EPOCHS]
                                 [--ratio RATIO] [--batchsize BATCHSIZE]
                                 [--lambda_cot_max LAMBDA_COT_MAX]
                                 [--lambda_diff_max LAMBDA_DIFF_MAX]
                                 [--seed SEED] [--epochs EPOCHS]
                                 [--warm_up WARM_UP] [--momentum MOMENTUM]
                                 [--decay DECAY] [--epsilon EPSILON]
                                 [--num_class NUM_CLASS]
                                 [--cifar10_dir CIFAR10_DIR]
                                 [--warm_up WARM_UP] [--momentum MOMENTUM]
                                 [--svhn_dir SVHN_DIR]
                                 [--decay DECAY] [--epsilon EPSILON]
                                 [--num_class NUM_CLASS]
                                 [--cifar10_dir CIFAR10_DIR]
                                 [--svhn_dir SVHN_DIR]
                                 [--tensorboard_dir TENSORBOARD_DIR]
                                 [--checkpoint_dir CHECKPOINT_DIR]
                                 [--base_lr BASE_LR] [--resume]
                                                                [--tensorboard_dir TENSORBOARD_DIR]
                                 [--checkpoint_dir CHECKPOINT_DIR]
                                 [--base_lr BASE_LR] [--resume]
                               usage: co-training_scallable2.py [-h] [--model MODEL] -t TRAIN_FOLDS
                                 [TRAIN_FOLDS ...] -v VAL_FOLDS
                                 [VAL_FOLDS ...] [--nb_view NB_VIEW]
usage: co-training_scallable2.py [-h] [--model MODEL] -t TRAIN_FOLDS
                                 [--ratio RATIO] [--batchsize BATCHSIZE]
                                 [TRAIN_FOLDS ...] -v VAL_FOLDS
                                 [--lambda_cot_max LAMBDA_COT_MAX]
                                 [VAL_FOLDS ...] [--nb_view NB_VIEW]
                                 [--lambda_diff_max LAMBDA_DIFF_MAX]
                                 [--ratio RATIO] [--batchsize BATCHSIZE]
                                 [--seed SEED] [--epochs EPOCHS]
                                 [--lambda_cot_max LAMBDA_COT_MAX]
                                 [--warm_up WARM_UP] [--momentum MOMENTUM]
                                 [--lambda_diff_max LAMBDA_DIFF_MAX]
                                 [--decay DECAY] [--epsilon EPSILON]
                                 [--seed SEED] [--epochs EPOCHS]
                                 [--num_class NUM_CLASS]
                                 [--warm_up WARM_UP] [--momentum MOMENTUM]
                                 [--cifar10_dir CIFAR10_DIR]
                                 [--decay DECAY] [--epsilon EPSILON]
                                 [--svhn_dir SVHN_DIR]
                                 [--num_class NUM_CLASS]
                                 [--tensorboard_dir TENSORBOARD_DIR]
                                 [--cifar10_dir CIFAR10_DIR]
                                 [--checkpoint_dir CHECKPOINT_DIR]
                                 [--svhn_dir SVHN_DIR]
                                 [--base_lr BASE_LR] [--resume]
                                 [--tensorboard_dir TENSORBOARD_DIR]
                                                                [--checkpoint_dir CHECKPOINT_DIR]
                                 [--base_lr BASE_LR] [--resume]
                                 [--dataset DATASET] [--job_name JOB_NAME]
  [--dataset DATASET] [--job_name JOB_NAME]
  [--dataset DATASET] [--job_name JOB_NAME]
co-training_scallable2.py: error: unrecognized arguments: -T tensorboard/0.5r_scallable2_cross_validation
co-training_scallable2.py: error: unrecognized arguments: -T tensorboard/0.5r_scallable2_cross_validation
co-training_scallable2.py: error: unrecognized arguments: -T tensorboard/0.5r_scallable2_cross_validation
  [--dataset DATASET] [--job_name JOB_NAME]
co-training_scallable2.py: error: unrecognized arguments: -T tensorboard/0.5r_scallable2_cross_validation
srun: error: gpu-nc06: task 0: Exited with exit code 2
srun: error: gpu-nc05: task 0: Exited with exit code 2
srun: error: gpu-nc04: task 0: Exited with exit code 2
srun: error: gpu-nc02: task 0: Exited with exit code 2
usage: co-training_scallable2.py [-h] [--model MODEL] -t TRAIN_FOLDS
                                 [TRAIN_FOLDS ...] -v VAL_FOLDS
                                 [VAL_FOLDS ...] [--nb_view NB_VIEW]
                                 [--ratio RATIO] [--batchsize BATCHSIZE]
                                 [--lambda_cot_max LAMBDA_COT_MAX]
                                 [--lambda_diff_max LAMBDA_DIFF_MAX]
                                 [--seed SEED] [--epochs EPOCHS]
                                 [--warm_up WARM_UP] [--momentum MOMENTUM]
                                 [--decay DECAY] [--epsilon EPSILON]
                                 [--num_class NUM_CLASS]
                                 [--cifar10_dir CIFAR10_DIR]
                                 [--svhn_dir SVHN_DIR]
                                 [--tensorboard_dir TENSORBOARD_DIR]
                                 [--checkpoint_dir CHECKPOINT_DIR]
                                 [--base_lr BASE_LR] [--resume]
                               usage: co-training_scallable2.py [-h] [--model MODEL] -t TRAIN_FOLDS
                                 [TRAIN_FOLDS ...] -v VAL_FOLDS
                                 [VAL_FOLDS ...] [--nb_view NB_VIEW]
                                 [--ratio RATIO] [--batchsize BATCHSIZE]
                                 [--lambda_cot_max LAMBDA_COT_MAX]
                                 [--lambda_diff_max LAMBDA_DIFF_MAX]
                                 [--seed SEED] [--epochs EPOCHS]
                                 [--warm_up WARM_UP] [--momentum MOMENTUM]
                                 [--decay DECAY] [--epsilon EPSILON]
                                 [--num_class NUM_CLASS]
                                 [--cifar10_dir CIFAR10_DIR]
                                 [--svhn_dir SVHN_DIR]
                                 [--tensorboard_dir TENSORBOARD_DIR]
                                 [--checkpoint_dir CHECKPOINT_DIR]
                                 [--base_lr BASE_LR] [--resume]
                                 [--dataset DATASET] [--job_name JOB_NAME]
co-training_scallable2.py: error: unrecognized arguments: -T tensorboard/0.5r_scallable2_cross_validation
usage: co-training_scallable2.py [-h] [--model MODEL] -t TRAIN_FOLDS
                                 [TRAIN_FOLDS ...] -v VAL_FOLDS
                                 [VAL_FOLDS ...] [--nb_view NB_VIEW]
                                 [--ratio RATIO] [--batchsize BATCHSIZE]
                                 [--lambda_cot_max LAMBDA_COT_MAX]
                                 [--lambda_diff_max LAMBDA_DIFF_MAX]
                                 [--seed SEED] [--epochs EPOCHS]
                                 [--warm_up WARM_UP] [--momentum MOMENTUM]
                                 [--decay DECAY] [--epsilon EPSILON]
                                 [--num_class NUM_CLASS]
                                 [--cifar10_dir CIFAR10_DIR]
                                 [--svhn_dir SVHN_DIR]
                                 [--tensorboard_dir TENSORBOARD_DIR]
                                 [--checkpoint_dir CHECKPOINT_DIR]
                                 [--base_lr BASE_LR] [--resume]
                               usage: co-training_scallable2.py [-h] [--model MODEL] -t TRAIN_FOLDS
                                 [TRAIN_FOLDS ...] -v VAL_FOLDS
                                 [VAL_FOLDS ...] [--nb_view NB_VIEW]
                                 [--ratio RATIO] [--batchsize BATCHSIZE]
                                 [--lambda_cot_max LAMBDA_COT_MAX]
                                 [--lambda_diff_max LAMBDA_DIFF_MAX]
                                 [--seed SEED] [--epochs EPOCHS]
                                 [--warm_up WARM_UP] [--momentum MOMENTUM]
                                 [--decay DECAY] [--epsilon EPSILON]
                                 [--num_class NUM_CLASS]
                                 [--cifar10_dir CIFAR10_DIR]
                                 [--svhn_dir SVHN_DIR]
                                 [--tensorboard_dir TENSORBOARD_DIR]
                                 [--checkpoint_dir CHECKPOINT_DIR]
                                 [--base_lr BASE_LR] [--resume]
                                 [--dataset DATASET] [--job_name JOB_NAME]
co-training_scallable2.py: error: unrecognized arguments: -T tensorboard/0.5r_scallable2_cross_validation
  [--dataset DATASET] [--job_name JOB_NAME]
co-training_scallable2.py: error: unrecognized arguments: -T tensorboard/0.5r_scallable2_cross_validation
  [--dataset DATASET] [--job_name JOB_NAME]
co-training_scallable2.py: error: unrecognized arguments: -T tensorboard/0.5r_scallable2_cross_validation
srun: error: gpu-nc06: task 0: Exited with exit code 2
srun: error: gpu-nc05: task 0: Exited with exit code 2
srun: error: gpu-nc02: task 0: Exited with exit code 2
srun: error: gpu-nc04: task 0: Exited with exit code 2
usage: co-training_scallable2.py [-h] [--model MODEL] -t TRAIN_FOLDS
                                 [TRAIN_FOLDS ...] -v VAL_FOLDS
                                 [VAL_FOLDS ...] [--nb_view NB_VIEW]
                                 [--ratio RATIO] [--batchsize BATCHSIZE]
                                 [--lambda_cot_max LAMBDA_COT_MAX]
                                 [--lambda_diff_max LAMBDA_DIFF_MAX]
                                 [--seed SEED] [--epochs EPOCHS]
                                 [--warm_up WARM_UP] [--momentum MOMENTUM]
                                 [--decay DECAY] [--epsilon EPSILON]
                                 [--num_class NUM_CLASS]
                                 [--cifar10_dir CIFAR10_DIR]
                                 [--svhn_dir SVHN_DIR]
                                 [--tensorboard_dir TENSORBOARD_DIR]
                                 [--checkpoint_dir CHECKPOINT_DIR]
                                 [--base_lr BASE_LR] [--resume]
                                 [--dataset DATASET] [--job_name JOB_NAME]
co-training_scallable2.py: error: unrecognized arguments: -T tensorboard/0.5r_scallable2_cross_validation
usage: co-training_scallable2.py [-h] [--model MODEL] -t TRAIN_FOLDS
                                 [TRAIN_FOLDS ...] -v VAL_FOLDS
                                 [VAL_FOLDS ...] [--nb_view NB_VIEW]
                                 [--ratio RATIO] [--batchsize BATCHSIZE]
                                 [--lambda_cot_max LAMBDA_COT_MAX]
                                 [--lambda_diff_max LAMBDA_DIFF_MAX]
                                 [--seed SEED] [--epochs EPOCHS]
                                 [--warm_up WARM_UP] [--momentum MOMENTUM]
                                 [--decay DECAY] [--epsilon EPSILON]
                                 [--num_class NUM_CLASS]
                                 [--cifar10_dir CIFAR10_DIR]
                                 [--svhn_dir SVHN_DIR]
                                 [--tensorboard_dir TENSORBOARD_DIR]
                                 [--checkpoint_dir CHECKPOINT_DIR]
                                 [--base_lr BASE_LR] [--resume]
                                 [--dataset DATASET] [--job_name JOB_NAME]
co-training_scallable2.py: error: unrecognized arguments: -T tensorboard/0.5r_scallable2_cross_validation
srun: error: gpu-nc04: task 0: Exited with exit code 2
srun: error: gpu-nc02: task 0: Exited with exit code 2
